
> build
> react-router build

vite v6.4.1 building for production...
transforming...
✓ 2927 modules transformed.
rendering chunks...
computing gzip size...
build/client/.vite/manifest.json                       24.59 kB │ gzip:  2.49 kB
build/client/assets/root-BMVHZG4X.css                  53.99 kB │ gzip:  8.74 kB
build/client/assets/check-CXTN8pmh.js                   0.33 kB │ gzip:  0.26 kB
build/client/assets/plus-B3qbhsT9.js                    0.36 kB │ gzip:  0.28 kB
build/client/assets/x-BZR5i7lX.js                       0.36 kB │ gzip:  0.28 kB
build/client/assets/pen-CA6lLhKk.js                     0.37 kB │ gzip:  0.29 kB
build/client/assets/arrow-left-DHD-lk1D.js              0.37 kB │ gzip:  0.29 kB
build/client/assets/clock-C6R1_1zM.js                   0.39 kB │ gzip:  0.30 kB
build/client/assets/circle-check-big-CcD1NOMn.js        0.41 kB │ gzip:  0.31 kB
build/client/assets/user-DVZF2__X.js                    0.41 kB │ gzip:  0.31 kB
build/client/assets/eye-CnAfrXUa.js                     0.41 kB │ gzip:  0.31 kB
build/client/assets/map-pin-C5yD0ONj.js                 0.41 kB │ gzip:  0.32 kB
build/client/assets/circle-x-jWU7XnCy.js                0.42 kB │ gzip:  0.30 kB
build/client/assets/circle-alert-Dj8MM4gd.js            0.46 kB │ gzip:  0.31 kB
build/client/assets/upload-D1AgdbaF.js                  0.47 kB │ gzip:  0.34 kB
build/client/assets/calendar-CrxdidTN.js                0.47 kB │ gzip:  0.33 kB
build/client/assets/image-BNS2HmgF.js                   0.47 kB │ gzip:  0.34 kB
build/client/assets/triangle-alert-D_ET8xnq.js          0.47 kB │ gzip:  0.34 kB
build/client/assets/shield-BGF43SzA.js                  0.48 kB │ gzip:  0.36 kB
build/client/assets/save-DlJDfCPG.js                    0.49 kB │ gzip:  0.34 kB
build/client/assets/users-DKmazCAI.js                   0.51 kB │ gzip:  0.35 kB
build/client/assets/file-text-CpsG-Mij.js               0.54 kB │ gzip:  0.34 kB
build/client/assets/trash-2-BnaHrrNp.js                 0.56 kB │ gzip:  0.37 kB
build/client/assets/eye-off-DQl4V-9O.js                 0.61 kB │ gzip:  0.40 kB
build/client/assets/chevron-up-CUsYlpU_.js              0.61 kB │ gzip:  0.30 kB
build/client/assets/chevron-right-BDHcxB88.js           0.62 kB │ gzip:  0.30 kB
build/client/assets/useUser-Cw04PQoD.js                 0.63 kB │ gzip:  0.42 kB
build/client/assets/building-2-BwRHxRet.js              0.65 kB │ gzip:  0.38 kB
build/client/assets/LoadingState-D9l1c3Fe.js            0.83 kB │ gzip:  0.50 kB
build/client/assets/useUserRole-CXRIkAKn.js             0.93 kB │ gzip:  0.57 kB
build/client/assets/settings-D4OFCqDU.js                0.94 kB │ gzip:  0.47 kB
build/client/assets/phone-jH4lSkug.js                   0.97 kB │ gzip:  0.47 kB
build/client/assets/useUpload-BD40ptQR.js               1.20 kB │ gzip:  0.61 kB
build/client/assets/useAuth-DtaueTnk.js                 1.39 kB │ gzip:  0.70 kB
build/client/assets/createLucideIcon-DzaJ1qfS.js        1.66 kB │ gzip:  0.70 kB
build/client/assets/page-BM9JhqNq.js                    1.82 kB │ gzip:  0.84 kB
build/client/assets/useMutation-ChRfBHYo.js             2.65 kB │ gzip:  1.04 kB
build/client/assets/page-BWRMc6M1.js                    3.52 kB │ gzip:  1.49 kB
build/client/assets/page-Bxi2pmya.js                    3.68 kB │ gzip:  1.46 kB
build/client/assets/PolymorphicComponent-DLQczNz9.js    3.70 kB │ gzip:  1.38 kB
build/client/assets/page-BzOYIfP0.js                    4.78 kB │ gzip:  1.68 kB
build/client/assets/page-hIWCLXjt.js                    4.90 kB │ gzip:  1.88 kB
build/client/assets/page-DnwvbBpQ.js                    5.21 kB │ gzip:  2.00 kB
build/client/assets/page-B7DydjkP.js                    5.64 kB │ gzip:  1.89 kB
build/client/assets/page-9VW3XuDY.js                    5.88 kB │ gzip:  2.26 kB
build/client/assets/not-found-DT3fkJO9.js               6.08 kB │ gzip:  2.17 kB
build/client/assets/entry.client-D8CdMm-2.js            7.20 kB │ gzip:  2.66 kB
build/client/assets/AvailabilityPopup-B7FqNuhu.js       7.63 kB │ gzip:  2.46 kB
build/client/assets/page-DZvtAVi9.js                    8.14 kB │ gzip:  2.37 kB
build/client/assets/page-DeORqYu-.js                    8.59 kB │ gzip:  2.67 kB
build/client/assets/page-DE49aq55.js                    8.87 kB │ gzip:  3.03 kB
build/client/assets/page-DSKgJJ_g.js                    9.06 kB │ gzip:  2.88 kB
build/client/assets/page-DqVwKgmd.js                    9.61 kB │ gzip:  3.14 kB
build/client/assets/page-C5RaQdkK.js                   10.15 kB │ gzip:  3.21 kB
build/client/assets/useQuery-CFgBGoPU.js               10.25 kB │ gzip:  3.33 kB
build/client/assets/page-BCU15ll-.js                   11.25 kB │ gzip:  3.14 kB
build/client/assets/page-BF6kV46l.js                   12.42 kB │ gzip:  3.71 kB
build/client/assets/page-COm-rsWl.js                   13.39 kB │ gzip:  3.60 kB
build/client/assets/QuickPlanModal-9ti25Z2c.js         13.95 kB │ gzip:  4.12 kB
build/client/assets/page-8oglFuVh.js                   14.19 kB │ gzip:  4.11 kB
build/client/assets/page-dZuRzXy2.js                   14.35 kB │ gzip:  4.15 kB
build/client/assets/page-C1SUGL1D.js                   15.04 kB │ gzip:  3.68 kB
build/client/assets/page-CDENeb0x.js                   15.37 kB │ gzip:  4.35 kB
build/client/assets/page-Cyj29ycj.js                   17.83 kB │ gzip:  4.40 kB
build/client/assets/page-B4xhNBDd.js                   20.61 kB │ gzip:  5.05 kB
build/client/assets/layout-DBJ_Lfce.js                 28.94 kB │ gzip:  7.67 kB
build/client/assets/page-z66eK-EG.js                   34.51 kB │ gzip:  7.76 kB
build/client/assets/page-MHY7rtmS.js                   39.60 kB │ gzip:  8.14 kB
build/client/assets/page-BNd8kCCU.js                   96.04 kB │ gzip: 21.68 kB
build/client/assets/page-Cauy-7n-.js                  103.61 kB │ gzip: 30.71 kB
build/client/assets/root-7rJsf0KN.js                  112.37 kB │ gzip: 32.57 kB
build/client/assets/chunk-JZWAC4HX-CU-v9wB3.js        124.39 kB │ gzip: 41.71 kB
build/client/assets/index-Er1pNhI5.js                 135.05 kB │ gzip: 43.32 kB
✓ built in 5.13s
vite v6.4.1 building SSR bundle for production...
transforming...
src/app/page.jsx?noLayout.jsx (1:0): Error when using sourcemap for reporting an error: Can't resolve original location of error.
src/app/account/signin/page.jsx?noLayout.jsx (1:0): Error when using sourcemap for reporting an error: Can't resolve original location of error.
src/app/account/logout/page.jsx?noLayout.jsx (1:0): Error when using sourcemap for reporting an error: Can't resolve original location of error.
src/app/account/signup/page.jsx?noLayout.jsx (1:0): Error when using sourcemap for reporting an error: Can't resolve original location of error.
src/app/(app)/my-leave/page.jsx?noLayout.jsx (1:0): Error when using sourcemap for reporting an error: Can't resolve original location of error.
src/app/beschikbaarheid/page.jsx?noLayout.jsx (1:0): Error when using sourcemap for reporting an error: Can't resolve original location of error.
src/app/admin/settings/page.jsx?noLayout.jsx (1:0): Error when using sourcemap for reporting an error: Can't resolve original location of error.
src/app/assignments/page.jsx?noLayout.jsx (1:0): Error when using sourcemap for reporting an error: Can't resolve original location of error.
src/app/beschikbaarheid-overzicht/page.jsx?noLayout.jsx (1:0): Error when using sourcemap for reporting an error: Can't resolve original location of error.
src/app/dev-login/page.jsx?noLayout.jsx (1:0): Error when using sourcemap for reporting an error: Can't resolve original location of error.
src/app/cao-management/page.jsx?noLayout.jsx (1:0): Error when using sourcemap for reporting an error: Can't resolve original location of error.
src/app/docs/page.jsx?noLayout.jsx (1:0): Error when using sourcemap for reporting an error: Can't resolve original location of error.
src/app/diensten-ruilen/page.jsx?noLayout.jsx (1:0): Error when using sourcemap for reporting an error: Can't resolve original location of error.
src/app/clients/page.jsx?noLayout.jsx (1:0): Error when using sourcemap for reporting an error: Can't resolve original location of error.
src/app/employees/[id]/page.jsx?noLayout.jsx (1:0): Error when using sourcemap for reporting an error: Can't resolve original location of error.
src/app/employees/page.jsx?noLayout.jsx (1:0): Error when using sourcemap for reporting an error: Can't resolve original location of error.
src/app/planning/page.jsx?noLayout.jsx (1:0): Error when using sourcemap for reporting an error: Can't resolve original location of error.
src/app/facturatie/uren/page.jsx?noLayout.jsx (1:0): Error when using sourcemap for reporting an error: Can't resolve original location of error.
src/app/planning/v2/page.jsx?noLayout.jsx (1:0): Error when using sourcemap for reporting an error: Can't resolve original location of error.
src/app/setup-role/page.jsx?noLayout.jsx (1:0): Error when using sourcemap for reporting an error: Can't resolve original location of error.
src/app/quick-login/page.jsx?noLayout.jsx (1:0): Error when using sourcemap for reporting an error: Can't resolve original location of error.
src/app/test-login/page.jsx?noLayout.jsx (1:0): Error when using sourcemap for reporting an error: Can't resolve original location of error.
src/app/planning/edit/[id]/page.jsx?noLayout.jsx (1:0): Error when using sourcemap for reporting an error: Can't resolve original location of error.
src/app/planning/new/page.jsx?noLayout.jsx (1:0): Error when using sourcemap for reporting an error: Can't resolve original location of error.
src/app/test-setup/page.jsx?noLayout.jsx (1:0): Error when using sourcemap for reporting an error: Can't resolve original location of error.
src/app/employees/new/page.jsx?noLayout.jsx (1:0): Error when using sourcemap for reporting an error: Can't resolve original location of error.
src/__create/useDevServerHeartbeat.ts (1:0): Error when using sourcemap for reporting an error: Can't resolve original location of error.
src/app/providers.jsx (1:0): Error when using sourcemap for reporting an error: Can't resolve original location of error.
src/components/Availability/WeekPattern.jsx (1:0): Error when using sourcemap for reporting an error: Can't resolve original location of error.
src/components/Availability/ExceptionsList.jsx (1:0): Error when using sourcemap for reporting an error: Can't resolve original location of error.
src/components/Planning/QuickPlanModal.jsx (1:0): Error when using sourcemap for reporting an error: Can't resolve original location of error.
src/components/Dashboard/AvailabilityPopup.jsx (1:0): Error when using sourcemap for reporting an error: Can't resolve original location of error.
src/components/ShiftSwaps/SwapRequestModal.jsx (1:0): Error when using sourcemap for reporting an error: Can't resolve original location of error.
src/components/NotificationBell.jsx (1:0): Error when using sourcemap for reporting an error: Can't resolve original location of error.
"getContext" is imported from external module "hono/context-storage" but never used in "__create/index.ts".
"jwtVerify" is imported from external module "jose" but never used in "src/app/api/custom-auth/session/route.js".
"HelpCircle" is imported from external module "lucide-react" but never used in "src/app/docs/page.jsx?noLayout.jsx".
"Spinner" is imported from external module "@chakra-ui/react" but never used in "src/app/migrations/page.jsx?noLayout.jsx".
✓ 178 modules transformed.
rendering chunks...
build/server/.vite/manifest.json                   14.21 kB
build/server/assets/server-build-BMVHZG4X.css      53.99 kB
build/server/assets/route-DHPVCRO1.js               0.42 kB
build/server/assets/route-KIlOPd2Q.js               0.49 kB
build/server/assets/sql-BfhTxwII.js                 0.51 kB
build/server/index.js                               0.56 kB
build/server/assets/route-Cy-1-Juy.js               0.60 kB
build/server/assets/route-CgUn3PyV.js               0.67 kB
build/server/assets/route-xCHtEiZj.js               0.83 kB
build/server/assets/route-DdpIIJAX.js               1.11 kB
build/server/assets/route-CMkK6U5N.js               1.26 kB
build/server/assets/route-CQmsQUcC.js               1.44 kB
build/server/assets/route-DYfFHu4L.js               1.49 kB
build/server/assets/session-BijkP3LV.js             1.51 kB
build/server/assets/route-I0YHh_fh.js               1.53 kB
build/server/assets/route-CkOQ3U4f.js               1.59 kB
build/server/assets/route-BrUkRuFC.js               1.62 kB
build/server/assets/route-DBJmde7i.js               1.66 kB
build/server/assets/route-D7hvG5al.js               1.69 kB
build/server/assets/route-Cue2ZYWp.js               1.88 kB
build/server/assets/route-3rb4yqdy.js               2.10 kB
build/server/assets/route-DztZRnlQ.js               2.12 kB
build/server/assets/route-BizbAm9s.js               2.25 kB
build/server/assets/route-H7vaT0Zl.js               2.32 kB
build/server/assets/notifications-D_yRTgLt.js       2.34 kB
build/server/assets/route-CAmj5lxw.js               2.36 kB
build/server/assets/route-CPTGCKeM.js               2.47 kB
build/server/assets/route-BTltuT_3.js               2.52 kB
build/server/assets/route-Cj3qhWel.js               2.55 kB
build/server/assets/route-CeJt9Tel.js               2.66 kB
build/server/assets/route-DvBlwh7y.js               2.69 kB
build/server/assets/route-C1SnFk8t.js               2.69 kB
build/server/assets/route-07aJ2Zx6.js               2.96 kB
build/server/assets/route-C2vl2t1O.js               3.06 kB
build/server/assets/route-D5huqMNd.js               3.36 kB
build/server/assets/route-DWxLA8YZ.js               3.44 kB
build/server/assets/route-D5AX00Tc.js               3.65 kB
build/server/assets/route-1MCrOHPe.js               3.68 kB
build/server/assets/route-D_HCGLPM.js               3.87 kB
build/server/assets/route-CvZMk2RT.js               4.28 kB
build/server/assets/route-CsLmAiGz.js               4.74 kB
build/server/assets/route-CLvD2Fi4.js               4.78 kB
build/server/assets/route-BjInLIW4.js               5.00 kB
build/server/assets/route-Dox3GEz7.js               5.05 kB
build/server/assets/route-DeA-FyqF.js               5.87 kB
build/server/assets/route-CzI0nXX6.js               6.43 kB
build/server/assets/route-Sr3PlIEh.js               8.72 kB
build/server/assets/route-jlgthWjB.js               9.55 kB
build/server/assets/planning-helpers-CxHjg9ph.js   13.82 kB
build/server/assets/index-Bixmxycx.js              32.86 kB
build/server/assets/server-build.js               812.69 kB

✓ 1 asset cleaned from React Router server build.
build/server/assets/server-build-BMVHZG4X.css

