Vercel CLI 50.23.2
Retrieving project…
Deploying bobantersyns-projects/web
Uploading [--------------------] (0.0B/26.1KB)
Uploading [============--------] (16.0KB/26.1KB)
Uploading [==================--] (24.6KB/26.1KB)
Uploading [====================] (26.1KB/26.1KB)
Inspect: https://vercel.com/bobantersyns-projects/web/F6rQ6N1o4oUzWV3fojtU8THukCWF [2s]
Production: https://web-45qtpuc1y-bobantersyns-projects.vercel.app [2s]
https://web-45qtpuc1y-bobantersyns-projects.vercel.appBuilding...
Building...
Building: Running build in Washington, D.C., USA (East) – iad1
Building: Build machine configuration: 2 cores, 8 GB
Building: Retrieving list of deployment files...
Building: Downloading 458 deployment files...
Building: Restored build cache from previous deployment (F8DDnR9YydHsTMv3AFgNAxcPwCfh)
Building: Running "vercel build"
Building: Vercel CLI 50.23.2
Building: Installing dependencies...
Building: npm warn deprecated inflight@1.0.6: This module is not supported, and leaks memory. Do not use it. Check out lru-cache if you want a good and tested way to coalesce async requests by a key value, which is much more comprehensive and powerful.
Building: npm warn deprecated rimraf@3.0.2: Rimraf versions prior to v4 are no longer supported
Building: npm warn deprecated npmlog@5.0.1: This package is no longer supported.
Building: npm warn deprecated are-we-there-yet@2.0.0: This package is no longer supported.
Building: npm warn deprecated glob@7.2.3: Glob versions prior to v9 are no longer supported
Building: npm warn deprecated gauge@3.0.2: This package is no longer supported.
Building: up to date in 7s
Building: 325 packages are looking for funding
Building: run `npm fund` for details
Building: Running "npm run build"
Building: > build
Building: > react-router build
Building: vite v6.4.1 building for production...
Building: transforming...
Building: ✓ 2924 modules transformed.
Building: rendering chunks...
Building: computing gzip size...
Building: build/client/.vite/manifest.json                    30.14 kB │ gzip:  3.11 kB
Building: build/client/assets/page-JOTqagGk.css                6.17 kB │ gzip:  1.28 kB
Building: build/client/assets/marketing-BBa9RYMe.css          18.97 kB │ gzip:  4.12 kB
Building: build/client/assets/root-DC3BJbi8.css               56.92 kB │ gzip:  9.17 kB
Building: build/client/assets/index-BBR7LY95.js                0.20 kB │ gzip:  0.16 kB
Building: build/client/assets/api._-BBR7LY95.js                0.20 kB │ gzip:  0.16 kB
Building: build/client/assets/check-Bepoi0aM.js                0.33 kB │ gzip:  0.26 kB
Building: build/client/assets/chevron-up-CIPHa8Wt.js           0.34 kB │ gzip:  0.27 kB
Building: build/client/assets/chevron-down-DminHtBA.js         0.34 kB │ gzip:  0.26 kB
Building: build/client/assets/chevron-left-CQU5gwLQ.js         0.34 kB │ gzip:  0.27 kB
Building: build/client/assets/chevron-right-4aqDdoQG.js        0.34 kB │ gzip:  0.27 kB
Building: build/client/assets/plus-CG3Iwt2c.js                 0.36 kB │ gzip:  0.27 kB
Building: build/client/assets/x-DrPPa4Iv.js                    0.36 kB │ gzip:  0.27 kB
Building: build/client/assets/pen-C1Ss5UTq.js                  0.37 kB │ gzip:  0.29 kB
Building: build/client/assets/filter-ek04TjzP.js               0.37 kB │ gzip:  0.28 kB
Building: build/client/assets/arrow-right-Bb5otnro.js          0.37 kB │ gzip:  0.29 kB
Building: build/client/assets/arrow-left-CzUe7Ek3.js           0.37 kB │ gzip:  0.28 kB
Building: build/client/assets/search-C92R5v0-.js               0.38 kB │ gzip:  0.29 kB
Building: build/client/assets/useUser-BPI8j7tY.js              0.39 kB │ gzip:  0.27 kB
Building: build/client/assets/clock-CX63SQq_.js                0.39 kB │ gzip:  0.29 kB
Building: build/client/assets/circle-check-big-qQ3gB_fW.js     0.41 kB │ gzip:  0.31 kB
Building: build/client/assets/user-C898dcWR.js                 0.41 kB │ gzip:  0.31 kB
Building: build/client/assets/eye-BxgfbHdq.js                  0.41 kB │ gzip:  0.30 kB
Building: build/client/assets/map-pin-B_W7rL4L.js              0.41 kB │ gzip:  0.32 kB
Building: build/client/assets/circle-x-wJv5ibuT.js             0.42 kB │ gzip:  0.30 kB
Building: build/client/assets/mail-CesMbh7y.js                 0.43 kB │ gzip:  0.32 kB
Building: build/client/assets/bar-chart-3-DPcbtBO-.js          0.44 kB │ gzip:  0.31 kB
Building: build/client/assets/circle-alert-CviEIYzK.js         0.46 kB │ gzip:  0.31 kB
Building: build/client/assets/upload-LG5cZZpM.js               0.47 kB │ gzip:  0.34 kB
Building: build/client/assets/calendar-CborSm-W.js             0.47 kB │ gzip:  0.32 kB
Building: build/client/assets/image-Bm3XwkBF.js                0.47 kB │ gzip:  0.34 kB
Building: build/client/assets/triangle-alert-CBK3Zh0E.js       0.47 kB │ gzip:  0.34 kB
Building: build/client/assets/shield-BGDxdrxP.js               0.48 kB │ gzip:  0.36 kB
Building: build/client/assets/save-CVHLiMNJ.js                 0.49 kB │ gzip:  0.34 kB
Building: build/client/assets/MarketingLayout-CQG4yigG.js      0.49 kB │ gzip:  0.34 kB
Building: build/client/assets/users-BSFw2UQZ.js                0.51 kB │ gzip:  0.35 kB
Building: build/client/assets/tag-BzSr8uD-.js                  0.53 kB │ gzip:  0.37 kB
Building: build/client/assets/file-text-BrnJSQ3c.js            0.54 kB │ gzip:  0.34 kB
Building: build/client/assets/trash-2-Yc_PgrLd.js              0.56 kB │ gzip:  0.37 kB
Building: build/client/assets/useUserRole-CISOzjXs.js          0.59 kB │ gzip:  0.34 kB
Building: build/client/assets/calendar-clock-Bukl8Frj.js       0.59 kB │ gzip:  0.38 kB
Building: build/client/assets/phone-Dc1DH9u7.js                0.60 kB │ gzip:  0.38 kB
Building: build/client/assets/eye-off-C-FwT7KN.js              0.61 kB │ gzip:  0.40 kB
Building: build/client/assets/useAuth-B1OY3QZQ.js              0.65 kB │ gzip:  0.37 kB
Building: build/client/assets/LoadingState-D7CqhBPk.js         0.65 kB │ gzip:  0.41 kB
Building: build/client/assets/building-2-j8AEVshh.js           0.65 kB │ gzip:  0.37 kB
Building: build/client/assets/CTABanner-DDNgfoDV.js            0.91 kB │ gzip:  0.50 kB
Building: build/client/assets/settings-BLnNB4kT.js             0.94 kB │ gzip:  0.47 kB
Building: build/client/assets/page-CP6ju5Sy.js                 1.33 kB │ gzip:  0.73 kB
Building: build/client/assets/createLucideIcon-CiH5pOsl.js     1.66 kB │ gzip:  0.70 kB
Building: build/client/assets/page-mfs5uY4S.js                 2.62 kB │ gzip:  1.25 kB
Building: build/client/assets/page-Q2VXpYut.js                 2.71 kB │ gzip:  1.20 kB
Building: build/client/assets/AuthProvider-DzFLrQaK.js         2.77 kB │ gzip:  1.26 kB
Building: build/client/assets/MarketingFooter-D345FFVu.js      3.22 kB │ gzip:  1.06 kB
Building: build/client/assets/page-2rel9EhT.js                 3.81 kB │ gzip:  1.43 kB
Building: build/client/assets/page-CytK_c2w.js                 3.84 kB │ gzip:  1.59 kB
Building: build/client/assets/page-D6CqW9hp.js                 3.87 kB │ gzip:  1.60 kB
Building: build/client/assets/page-DmM0sw3s.js                 4.23 kB │ gzip:  1.51 kB
Building: build/client/assets/page-CjUq4_PX.js                 4.52 kB │ gzip:  1.65 kB
Building: build/client/assets/page-DERGlFWA.js                 4.79 kB │ gzip:  1.63 kB
Building: build/client/assets/page-CjD2T70w.js                 4.83 kB │ gzip:  1.97 kB
Building: build/client/assets/NotificationBell-B1S6Zoxe.js     4.84 kB │ gzip:  1.88 kB
Building: build/client/assets/not-found-Cmod4jhW.js            4.90 kB │ gzip:  1.84 kB
Building: build/client/assets/page-ENK4wIrf.js                 5.98 kB │ gzip:  2.08 kB
Building: build/client/assets/page-Bpo_cq1D.js                 6.10 kB │ gzip:  2.43 kB
Building: build/client/assets/page-BsF4g21L.js                 6.15 kB │ gzip:  1.83 kB
Building: build/client/assets/page-B76F-dsf.js                 6.15 kB │ gzip:  1.99 kB
Building: build/client/assets/useMutation-CdfKhFRd.js          6.17 kB │ gzip:  1.89 kB
Building: build/client/assets/AvailabilityPopup-BET2yIlh.js    6.20 kB │ gzip:  2.02 kB
Building: build/client/assets/page-7SkQZ0Ig.js                 6.67 kB │ gzip:  2.42 kB
Building: build/client/assets/page-B5QNDeD7.js                 6.96 kB │ gzip:  2.34 kB
Building: build/client/assets/entry.client-CcS1yEVl.js         7.20 kB │ gzip:  2.66 kB
Building: build/client/assets/page-4lGw-tZB.js                 7.57 kB │ gzip:  2.59 kB
Building: build/client/assets/page-DjVYMjpn.js                 7.66 kB │ gzip:  2.44 kB
Building: build/client/assets/page-VCOjbSTQ.js                 8.26 kB │ gzip:  2.72 kB
Building: build/client/assets/QuickPlanModal-CZmIG3NE.js       9.80 kB │ gzip:  3.01 kB
Building: build/client/assets/page-D1clEiHP.js                 9.96 kB │ gzip:  3.04 kB
Building: build/client/assets/page-C-Fg-NHV.js                11.52 kB │ gzip:  3.37 kB
Building: build/client/assets/page-B_qL0nwZ.js                12.41 kB │ gzip:  3.58 kB
Building: build/client/assets/page-CqvxFyhW.js                13.55 kB │ gzip:  3.46 kB
Building: build/client/assets/page-DIDu3q4Y.js                17.62 kB │ gzip:  4.29 kB
Building: build/client/assets/page-qPhiVWAt.js                18.04 kB │ gzip:  4.34 kB
Building: build/client/assets/page-D5axx5uF.js                23.82 kB │ gzip:  4.59 kB
Building: build/client/assets/index-DjftkTcN.js               26.33 kB │ gzip:  7.54 kB
Building: build/client/assets/page-CjPf2EGf.js                29.50 kB │ gzip:  7.95 kB
Building: build/client/assets/page-CkpAT5qF.js                29.76 kB │ gzip:  6.54 kB
Building: build/client/assets/page-D1yBOE7a.js                41.71 kB │ gzip:  9.12 kB
Building: build/client/assets/page-BGR0JokA.js                82.08 kB │ gzip: 17.89 kB
Building: build/client/assets/page-CUvMYt-e.js               103.25 kB │ gzip: 30.62 kB
Building: build/client/assets/root-CQwfMuC8.js               112.19 kB │ gzip: 31.97 kB
Building: build/client/assets/chunk-JZWAC4HX-D7aui3N0.js     124.38 kB │ gzip: 41.70 kB
Building: build/client/assets/index-CDPfn9Bt.js              135.05 kB │ gzip: 43.32 kB
Building: ✓ built in 9.34s
Building: vite v6.4.1 building SSR bundle for production...
Building: transforming...
Building: src/app/page.tsx (1:0): Error when using sourcemap for reporting an error: Can't resolve original location of error.
Building: src/app/test-login/page.tsx (1:0): Error when using sourcemap for reporting an error: Can't resolve original location of error.
Building: src/app/test-setup/page.tsx (1:0): Error when using sourcemap for reporting an error: Can't resolve original location of error.
Building: src/app/(app)/my-leave/page.tsx (1:0): Error when using sourcemap for reporting an error: Can't resolve original location of error.
Building: src/app/account/logout/page.tsx (1:0): Error when using sourcemap for reporting an error: Can't resolve original location of error.
Building: src/app/account/signin/page.tsx (1:0): Error when using sourcemap for reporting an error: Can't resolve original location of error.
Building: src/app/account/signup/page.tsx (1:0): Error when using sourcemap for reporting an error: Can't resolve original location of error.
Building: src/app/admin/settings/page.tsx (1:0): Error when using sourcemap for reporting an error: Can't resolve original location of error.
Building: src/app/employees/[id]/page.tsx (1:0): Error when using sourcemap for reporting an error: Can't resolve original location of error.
Building: src/app/employees/new/page.tsx (1:0): Error when using sourcemap for reporting an error: Can't resolve original location of error.
Building: src/app/planning/new/page.tsx (1:0): Error when using sourcemap for reporting an error: Can't resolve original location of error.
Building: src/app/facturatie/uren/page.tsx (1:0): Error when using sourcemap for reporting an error: Can't resolve original location of error.
Building: src/app/employees/page.tsx (1:0): Error when using sourcemap for reporting an error: Can't resolve original location of error.
Building: src/app/planning/page.tsx (1:0): Error when using sourcemap for reporting an error: Can't resolve original location of error.
Building: src/app/quick-login/page.tsx (1:0): Error when using sourcemap for reporting an error: Can't resolve original location of error.
Building: src/app/setup-role/page.tsx (1:0): Error when using sourcemap for reporting an error: Can't resolve original location of error.
Building: src/app/dev-login/page.tsx (1:0): Error when using sourcemap for reporting an error: Can't resolve original location of error.
Building: src/app/diensten-ruilen/page.tsx (1:0): Error when using sourcemap for reporting an error: Can't resolve original location of error.
Building: src/app/cao-management/page.tsx (1:0): Error when using sourcemap for reporting an error: Can't resolve original location of error.
Building: src/app/beschikbaarheid-overzicht/page.tsx (1:0): Error when using sourcemap for reporting an error: Can't resolve original location of error.
Building: src/app/docs/page.tsx (1:0): Error when using sourcemap for reporting an error: Can't resolve original location of error.
Building: src/app/contact/page.tsx (1:0): Error when using sourcemap for reporting an error: Can't resolve original location of error.
Building: src/app/planning/reports/page.tsx (1:0): Error when using sourcemap for reporting an error: Can't resolve original location of error.
Building: src/app/planning/v2/page.tsx (1:0): Error when using sourcemap for reporting an error: Can't resolve original location of error.
Building: src/app/administratie/page.tsx (1:0): Error when using sourcemap for reporting an error: Can't resolve original location of error.
Building: src/app/clients/page.tsx (1:0): Error when using sourcemap for reporting an error: Can't resolve original location of error.
Building: src/app/beschikbaarheid/page.tsx (1:0): Error when using sourcemap for reporting an error: Can't resolve original location of error.
Building: src/app/planning/edit/[id]/page.tsx (1:0): Error when using sourcemap for reporting an error: Can't resolve original location of error.
Building: src/components/Marketing/MarketingNavbar.tsx (1:0): Error when using sourcemap for reporting an error: Can't resolve original location of error.
Building: src/providers/AuthProvider.tsx (1:0): Error when using sourcemap for reporting an error: Can't resolve original location of error.
Building: src/components/Planning/QuickPlanModal.tsx (1:0): Error when using sourcemap for reporting an error: Can't resolve original location of error.
Building: src/components/Admin/ObjectLabelSettings.tsx (1:0): Error when using sourcemap for reporting an error: Can't resolve original location of error.
Building: src/components/Dashboard/AvailabilityPopup.tsx (1:0): Error when using sourcemap for reporting an error: Can't resolve original location of error.
Building: src/components/ShiftSwaps/SwapRequestModal.tsx (1:0): Error when using sourcemap for reporting an error: Can't resolve original location of error.
Building: src/components/Availability/WeekPattern.tsx (1:0): Error when using sourcemap for reporting an error: Can't resolve original location of error.
Building: src/components/Availability/ExceptionsList.tsx (1:0): Error when using sourcemap for reporting an error: Can't resolve original location of error.
Building: src/app/providers.tsx (1:0): Error when using sourcemap for reporting an error: Can't resolve original location of error.
Building: src/components/Navigation/TopNavigation.tsx (1:0): Error when using sourcemap for reporting an error: Can't resolve original location of error.
Building: src/__create/useDevServerHeartbeat.ts (1:0): Error when using sourcemap for reporting an error: Can't resolve original location of error.
Building: src/components/NotificationBell.tsx (1:0): Error when using sourcemap for reporting an error: Can't resolve original location of error.
Building: "MoreVertical", "HelpCircle" and "BarChart2" are imported from external module "lucide-react" but never used in "src/app/clients/page.tsx", "src/app/docs/page.tsx" and "src/components/Planning/PlanningHeader.tsx".
Building: "Spinner" is imported from external module "@chakra-ui/react" but never used in "src/app/migrations/page.tsx".
Building: "getContext" is imported from external module "hono/context-storage" but never used in "__create/index.ts".
Building: "jwtVerify" is imported from external module "jose" but never used in "src/app/api/custom-auth/session/route.js".
Building: ✓ 173 modules transformed.
Building: rendering chunks...
Building: build/server/nodejs_eyJydW50aW1lIjoibm9kZWpzIn0/.vite/manifest.json                   15.60 kB
Building: build/server/nodejs_eyJydW50aW1lIjoibm9kZWpzIn0/assets/server-build-CseOi9RD.css      82.06 kB
Building: build/server/nodejs_eyJydW50aW1lIjoibm9kZWpzIn0/assets/route-DHPVCRO1.js               0.42 kB
Building: build/server/nodejs_eyJydW50aW1lIjoibm9kZWpzIn0/assets/route-KIlOPd2Q.js               0.49 kB
Building: build/server/nodejs_eyJydW50aW1lIjoibm9kZWpzIn0/assets/sql-BfhTxwII.js                 0.51 kB
Building: build/server/nodejs_eyJydW50aW1lIjoibm9kZWpzIn0/assets/route-Cy-1-Juy.js               0.60 kB
Building: build/server/nodejs_eyJydW50aW1lIjoibm9kZWpzIn0/assets/route-CgUn3PyV.js               0.67 kB
Building: build/server/nodejs_eyJydW50aW1lIjoibm9kZWpzIn0/assets/route-xCHtEiZj.js               0.83 kB
Building: build/server/nodejs_eyJydW50aW1lIjoibm9kZWpzIn0/assets/route-D1U04S3l.js               1.12 kB
Building: build/server/nodejs_eyJydW50aW1lIjoibm9kZWpzIn0/assets/route-CMkK6U5N.js               1.26 kB
Building: build/server/nodejs_eyJydW50aW1lIjoibm9kZWpzIn0/assets/route-CQmsQUcC.js               1.44 kB
Building: build/server/nodejs_eyJydW50aW1lIjoibm9kZWpzIn0/assets/route-DYfFHu4L.js               1.49 kB
Building: build/server/nodejs_eyJydW50aW1lIjoibm9kZWpzIn0/assets/session-BijkP3LV.js             1.51 kB
Building: build/server/nodejs_eyJydW50aW1lIjoibm9kZWpzIn0/assets/route-I0YHh_fh.js               1.53 kB
Building: build/server/nodejs_eyJydW50aW1lIjoibm9kZWpzIn0/assets/route-CkOQ3U4f.js               1.59 kB
Building: build/server/nodejs_eyJydW50aW1lIjoibm9kZWpzIn0/assets/route-BrUkRuFC.js               1.62 kB
Building: build/server/nodejs_eyJydW50aW1lIjoibm9kZWpzIn0/assets/route-CwFW2DnR.js               1.66 kB
Building: build/server/nodejs_eyJydW50aW1lIjoibm9kZWpzIn0/assets/route-D7hvG5al.js               1.69 kB
Building: build/server/nodejs_eyJydW50aW1lIjoibm9kZWpzIn0/assets/route-CyhKQZQX.js               2.11 kB
Building: build/server/nodejs_eyJydW50aW1lIjoibm9kZWpzIn0/assets/route-DztZRnlQ.js               2.12 kB
Building: build/server/nodejs_eyJydW50aW1lIjoibm9kZWpzIn0/assets/route-BizbAm9s.js               2.25 kB
Building: build/server/nodejs_eyJydW50aW1lIjoibm9kZWpzIn0/assets/notifications-D_yRTgLt.js       2.34 kB
Building: build/server/nodejs_eyJydW50aW1lIjoibm9kZWpzIn0/assets/route-CAmj5lxw.js               2.36 kB
Building: build/server/nodejs_eyJydW50aW1lIjoibm9kZWpzIn0/assets/route-BTltuT_3.js               2.52 kB
Building: build/server/nodejs_eyJydW50aW1lIjoibm9kZWpzIn0/assets/route-Cj3qhWel.js               2.55 kB
Building: build/server/nodejs_eyJydW50aW1lIjoibm9kZWpzIn0/assets/route-BjswC2kU.js               2.57 kB
Building: build/server/nodejs_eyJydW50aW1lIjoibm9kZWpzIn0/assets/route-MFxlXui9.js               2.58 kB
Building: build/server/nodejs_eyJydW50aW1lIjoibm9kZWpzIn0/assets/route-iUGmGhuu.js               2.64 kB
Building: build/server/nodejs_eyJydW50aW1lIjoibm9kZWpzIn0/assets/route-CeJt9Tel.js               2.66 kB
Building: build/server/nodejs_eyJydW50aW1lIjoibm9kZWpzIn0/assets/route-CCZBPTZP.js               2.67 kB
Building: build/server/nodejs_eyJydW50aW1lIjoibm9kZWpzIn0/assets/route-C1SnFk8t.js               2.69 kB
Building: build/server/nodejs_eyJydW50aW1lIjoibm9kZWpzIn0/assets/route-Jr3bxgGR.js               2.71 kB
Building: build/server/nodejs_eyJydW50aW1lIjoibm9kZWpzIn0/assets/route-DLQoP7dw.js               2.80 kB
Building: build/server/nodejs_eyJydW50aW1lIjoibm9kZWpzIn0/assets/route-DS6PN8mG.js               2.85 kB
Building: build/server/nodejs_eyJydW50aW1lIjoibm9kZWpzIn0/assets/route-07aJ2Zx6.js               2.96 kB
Building: build/server/nodejs_eyJydW50aW1lIjoibm9kZWpzIn0/assets/route-DlL_bj30.js               3.02 kB
Building: build/server/nodejs_eyJydW50aW1lIjoibm9kZWpzIn0/assets/route-C2vl2t1O.js               3.06 kB
Building: build/server/nodejs_eyJydW50aW1lIjoibm9kZWpzIn0/assets/route-jiGmbYAL.js               3.08 kB
Building: build/server/nodejs_eyJydW50aW1lIjoibm9kZWpzIn0/assets/route-DWxLA8YZ.js               3.44 kB
Building: build/server/nodejs_eyJydW50aW1lIjoibm9kZWpzIn0/assets/route-D5AX00Tc.js               3.65 kB
Building: build/server/nodejs_eyJydW50aW1lIjoibm9kZWpzIn0/assets/route-D_HCGLPM.js               3.87 kB
Building: build/server/nodejs_eyJydW50aW1lIjoibm9kZWpzIn0/assets/route-CjPgL_nM.js               4.12 kB
Building: build/server/nodejs_eyJydW50aW1lIjoibm9kZWpzIn0/assets/route-CvZMk2RT.js               4.28 kB
Building: build/server/nodejs_eyJydW50aW1lIjoibm9kZWpzIn0/assets/route-Bd0_DL8N.js               4.29 kB
Building: build/server/nodejs_eyJydW50aW1lIjoibm9kZWpzIn0/assets/route-CsLmAiGz.js               4.74 kB
Building: build/server/nodejs_eyJydW50aW1lIjoibm9kZWpzIn0/assets/route-CLvD2Fi4.js               4.78 kB
Building: build/server/nodejs_eyJydW50aW1lIjoibm9kZWpzIn0/assets/route-BjInLIW4.js               5.00 kB
Building: build/server/nodejs_eyJydW50aW1lIjoibm9kZWpzIn0/assets/route-ntmF7zRs.js               6.03 kB
Building: build/server/nodejs_eyJydW50aW1lIjoibm9kZWpzIn0/assets/route-CzI0nXX6.js               6.43 kB
Building: build/server/nodejs_eyJydW50aW1lIjoibm9kZWpzIn0/assets/route-fxs9fvMx.js               7.75 kB
Building: build/server/nodejs_eyJydW50aW1lIjoibm9kZWpzIn0/assets/route-5EX0mc6U.js               9.49 kB
Building: build/server/nodejs_eyJydW50aW1lIjoibm9kZWpzIn0/assets/route-jlgthWjB.js               9.55 kB
Building: build/server/nodejs_eyJydW50aW1lIjoibm9kZWpzIn0/assets/planning-helpers-CP9owtGb.js   13.94 kB
Building: build/server/nodejs_eyJydW50aW1lIjoibm9kZWpzIn0/index.js                             740.78 kB
Building: ✓ 1 asset cleaned from React Router server build.
Building: build/server/nodejs_eyJydW50aW1lIjoibm9kZWpzIn0/assets/server-build-CseOi9RD.css
Building: ✓ built in 1.91s
Building: WARN: Failed to resolve dependency "utf-8-validate"
Building: WARN: Failed to resolve dependency "bufferutil"
Building: Build Completed in /vercel/output [29s]
Building: Deploying outputs...
Building: Deployment completed
Building: Creating build cache...
[2K[1A[2K[GProduction: https://web-45qtpuc1y-bobantersyns-projects.vercel.app [56s]
Completing...
Aliased: https://dutygrid.nl [56s]
