https://web-nmyvsfxsi-bobantersyns-projects.vercel.app
https://web-czhz90kxs-bobantersyns-projects.vercel.app
https://web-a9krx6x5v-bobantersyns-projects.vercel.app
https://web-j19ovtk4i-bobantersyns-projects.vercel.app
https://web-6tciefaz4-bobantersyns-projects.vercel.app
https://web-yk9rtv3ke-bobantersyns-projects.vercel.app
https://web-frws3j4yu-bobantersyns-projects.vercel.app
https://web-o8cvijso2-bobantersyns-projects.vercel.app
https://web-pptj7bqmp-bobantersyns-projects.vercel.app
https://web-r9knoukqy-bobantersyns-projects.vercel.app
https://web-ht636uqxb-bobantersyns-projects.vercel.app
https://web-4c7dld6tt-bobantersyns-projects.vercel.app
https://web-px5l5s7bd-bobantersyns-projects.vercel.app
https://web-in3d0h4x6-bobantersyns-projects.vercel.app
https://web-6j7q1qonb-bobantersyns-projects.vercel.app
https://web-egsnsvzj6-bobantersyns-projects.vercel.app
https://web-q7ok4ojeg-bobantersyns-projects.vercel.app
https://web-6akmcd9be-bobantersyns-projects.vercel.app
https://web-ca0w2nss9-bobantersyns-projects.vercel.app
https://web-l4k0tu2mc-bobantersyns-projects.vercel.app
